<?xml version="1.0" encoding="UTF-8"?>
<testsuite name="ohtu.verkkokauppa.KauppaTest" tests="8" skipped="0" failures="0" errors="0" timestamp="2017-04-14T13:09:31" hostname="pesukone" time="0.574">
  <properties/>
  <testcase name="kaksiSamaaTuotettaLaskutetaanOikein" classname="ohtu.verkkokauppa.KauppaTest" time="0.563"/>
  <testcase name="ostoksenPaatyttyaPankinMetodiaTilisiirtoKutsutaan" classname="ohtu.verkkokauppa.KauppaTest" time="0.001"/>
  <testcase name="kaksiEriTuotettaLaskutetaanOikein" classname="ohtu.verkkokauppa.KauppaTest" time="0.001"/>
  <testcase name="tilisiirtoTehdaanOikeanAsiakkaanTililta" classname="ohtu.verkkokauppa.KauppaTest" time="0.001"/>
  <testcase name="jokaMaksullePyydetaanUusiViitenumero" classname="ohtu.verkkokauppa.KauppaTest" time="0.002"/>
  <testcase name="tuotettaJotaEiOleVarastossaEiLisataKoriin" classname="ohtu.verkkokauppa.KauppaTest" time="0.001"/>
  <testcase name="edellisenOstoksenTiedotNollataanUudellaAsioinnilla" classname="ohtu.verkkokauppa.KauppaTest" time="0.001"/>
  <testcase name="koristaPoistetustaTuotteestaEiLaskuteta" classname="ohtu.verkkokauppa.KauppaTest" time="0.001"/>
  <system-out><![CDATA[]]></system-out>
  <system-err><![CDATA[]]></system-err>
</testsuite>
